<?xml version="1.0" encoding="UTF-8"?>
<testng-results ignored="0" total="5" passed="5" failed="0" skipped="0">
  <reporter-output>
  </reporter-output>
  <suite started-at="2020-12-11T08:04:12 IST" name="Default suite" finished-at="2020-12-11T08:04:29 IST" duration-ms="16723">
    <groups>
    </groups>
    <test started-at="2020-12-11T08:04:12 IST" name="Default test" finished-at="2020-12-11T08:04:29 IST" duration-ms="16723">
      <class name="com.weatherapiui.compareApiUiData">
        <test-method is-config="true" signature="beforeClass()[pri:0, instance:com.weatherapiui.compareApiUiData@1f0f1111]" started-at="2020-12-11T08:04:12 IST" name="beforeClass" finished-at="2020-12-11T08:04:18 IST" duration-ms="6344" status="PASS">
          <reporter-output>
          </reporter-output>
        </test-method> <!-- beforeClass -->
        <test-method signature="getApiTemperature()[pri:0, instance:com.weatherapiui.compareApiUiData@1f0f1111]" started-at="2020-12-11T08:04:18 IST" name="getApiTemperature" finished-at="2020-12-11T08:04:23 IST" duration-ms="4578" status="PASS">
          <reporter-output>
          </reporter-output>
        </test-method> <!-- getApiTemperature -->
        <test-method signature="test1SearchCities()[pri:0, instance:com.weatherapiui.compareApiUiData@1f0f1111]" started-at="2020-12-11T08:04:23 IST" name="test1SearchCities" finished-at="2020-12-11T08:04:28 IST" duration-ms="5324" status="PASS">
          <reporter-output>
          </reporter-output>
        </test-method> <!-- test1SearchCities -->
        <test-method signature="test2PinCity()[pri:0, instance:com.weatherapiui.compareApiUiData@1f0f1111]" started-at="2020-12-11T08:04:28 IST" name="test2PinCity" finished-at="2020-12-11T08:04:29 IST" depends-on-methods="com.weatherapiui.compareApiUiData.test1SearchCities" duration-ms="326" status="PASS">
          <reporter-output>
          </reporter-output>
        </test-method> <!-- test2PinCity -->
        <test-method signature="getUiTemperature()[pri:0, instance:com.weatherapiui.compareApiUiData@1f0f1111]" started-at="2020-12-11T08:04:29 IST" name="getUiTemperature" finished-at="2020-12-11T08:04:29 IST" depends-on-methods="com.weatherapiui.compareApiUiData.test2PinCity" duration-ms="73" status="PASS">
          <reporter-output>
          </reporter-output>
        </test-method> <!-- getUiTemperature -->
        <test-method signature="compareApiUiTemperature()[pri:0, instance:com.weatherapiui.compareApiUiData@1f0f1111]" started-at="2020-12-11T08:04:29 IST" name="compareApiUiTemperature" finished-at="2020-12-11T08:04:29 IST" depends-on-methods="com.weatherapiui.compareApiUiData.getApiTemperature, com.weatherapiui.compareApiUiData.getUiTemperature" duration-ms="2" status="PASS">
          <reporter-output>
          </reporter-output>
        </test-method> <!-- compareApiUiTemperature -->
        <test-method is-config="true" signature="afterClass()[pri:0, instance:com.weatherapiui.compareApiUiData@1f0f1111]" started-at="2020-12-11T08:04:29 IST" name="afterClass" finished-at="2020-12-11T08:04:29 IST" duration-ms="0" status="PASS">
          <reporter-output>
          </reporter-output>
        </test-method> <!-- afterClass -->
      </class> <!-- com.weatherapiui.compareApiUiData -->
    </test> <!-- Default test -->
  </suite> <!-- Default suite -->
</testng-results>
