<?xml version="1.0" encoding="UTF-8"?>
<testng-results ignored="0" total="5" passed="4" failed="1" skipped="0">
  <reporter-output>
  </reporter-output>
  <suite started-at="2020-12-11T06:43:53 IST" name="Default suite" finished-at="2020-12-11T06:44:07 IST" duration-ms="14208">
    <groups>
    </groups>
    <test started-at="2020-12-11T06:43:53 IST" name="Default test" finished-at="2020-12-11T06:44:07 IST" duration-ms="14208">
      <class name="com.weatherapiui.compareApiUiData">
        <test-method is-config="true" signature="beforeClass()[pri:0, instance:com.weatherapiui.compareApiUiData@670002]" started-at="2020-12-11T06:43:53 IST" name="beforeClass" finished-at="2020-12-11T06:43:59 IST" duration-ms="6349" status="PASS">
          <reporter-output>
          </reporter-output>
        </test-method> <!-- beforeClass -->
        <test-method signature="getApiTemperature()[pri:0, instance:com.weatherapiui.compareApiUiData@670002]" started-at="2020-12-11T06:43:59 IST" name="getApiTemperature" finished-at="2020-12-11T06:44:03 IST" duration-ms="4042" status="PASS">
          <reporter-output>
          </reporter-output>
        </test-method> <!-- getApiTemperature -->
        <test-method signature="test1SearchCities()[pri:0, instance:com.weatherapiui.compareApiUiData@670002]" started-at="2020-12-11T06:44:03 IST" name="test1SearchCities" finished-at="2020-12-11T06:44:07 IST" duration-ms="3335" status="PASS">
          <reporter-output>
          </reporter-output>
        </test-method> <!-- test1SearchCities -->
        <test-method signature="test2PinCity()[pri:0, instance:com.weatherapiui.compareApiUiData@670002]" started-at="2020-12-11T06:44:07 IST" name="test2PinCity" finished-at="2020-12-11T06:44:07 IST" depends-on-methods="com.weatherapiui.compareApiUiData.test1SearchCities" duration-ms="327" status="PASS">
          <reporter-output>
          </reporter-output>
        </test-method> <!-- test2PinCity -->
        <test-method signature="getUiTemperature()[pri:0, instance:com.weatherapiui.compareApiUiData@670002]" started-at="2020-12-11T06:44:07 IST" name="getUiTemperature" finished-at="2020-12-11T06:44:07 IST" depends-on-methods="com.weatherapiui.compareApiUiData.test2PinCity" duration-ms="80" status="PASS">
          <reporter-output>
          </reporter-output>
        </test-method> <!-- getUiTemperature -->
        <test-method signature="compareApiUiTemperature()[pri:0, instance:com.weatherapiui.compareApiUiData@670002]" started-at="2020-12-11T06:44:07 IST" name="compareApiUiTemperature" finished-at="2020-12-11T06:44:07 IST" depends-on-methods="com.weatherapiui.compareApiUiData.getApiTemperature, com.weatherapiui.compareApiUiData.getUiTemperature" duration-ms="4" status="FAIL">
          <exception class="java.lang.AssertionError">
            <message>
              <![CDATA[The Temperature difference is acceptible expected [true] but found [false]]]>
            </message>
            <full-stacktrace>
              <![CDATA[java.lang.AssertionError: The Temperature difference is acceptible expected [true] but found [false]
at org.testng.Assert.fail(Assert.java:97)
at org.testng.Assert.failNotEquals(Assert.java:969)
at org.testng.Assert.assertTrue(Assert.java:43)
at com.weatherapiui.compareApiUiData.compareApiUiTemperature(compareApiUiData.java:102)
at java.base/jdk.internal.reflect.NativeMethodAccessorImpl.invoke0(Native Method)
at java.base/jdk.internal.reflect.NativeMethodAccessorImpl.invoke(NativeMethodAccessorImpl.java:64)
at java.base/jdk.internal.reflect.DelegatingMethodAccessorImpl.invoke(DelegatingMethodAccessorImpl.java:43)
at java.base/java.lang.reflect.Method.invoke(Method.java:564)
at org.testng.internal.MethodInvocationHelper.invokeMethod(MethodInvocationHelper.java:134)
at org.testng.internal.TestInvoker.invokeMethod(TestInvoker.java:597)
at org.testng.internal.TestInvoker.invokeTestMethod(TestInvoker.java:173)
at org.testng.internal.MethodRunner.runInSequence(MethodRunner.java:46)
at org.testng.internal.TestInvoker$MethodInvocationAgent.invoke(TestInvoker.java:816)
at org.testng.internal.TestInvoker.invokeTestMethods(TestInvoker.java:146)
at org.testng.internal.TestMethodWorker.invokeTestMethods(TestMethodWorker.java:146)
at org.testng.internal.TestMethodWorker.run(TestMethodWorker.java:128)
at java.base/java.util.ArrayList.forEach(ArrayList.java:1511)
at org.testng.TestRunner.privateRun(TestRunner.java:766)
at org.testng.TestRunner.run(TestRunner.java:587)
at org.testng.SuiteRunner.runTest(SuiteRunner.java:384)
at org.testng.SuiteRunner.runSequentially(SuiteRunner.java:378)
at org.testng.SuiteRunner.privateRun(SuiteRunner.java:337)
at org.testng.SuiteRunner.run(SuiteRunner.java:286)
at org.testng.SuiteRunnerWorker.runSuite(SuiteRunnerWorker.java:53)
at org.testng.SuiteRunnerWorker.run(SuiteRunnerWorker.java:96)
at org.testng.TestNG.runSuitesSequentially(TestNG.java:1187)
at org.testng.TestNG.runSuitesLocally(TestNG.java:1109)
at org.testng.TestNG.runSuites(TestNG.java:1039)
at org.testng.TestNG.run(TestNG.java:1007)
at org.testng.remote.AbstractRemoteTestNG.run(AbstractRemoteTestNG.java:115)
at org.testng.remote.RemoteTestNG.initAndRun(RemoteTestNG.java:251)
at org.testng.remote.RemoteTestNG.main(RemoteTestNG.java:77)
]]>
            </full-stacktrace>
          </exception> <!-- java.lang.AssertionError -->
          <reporter-output>
          </reporter-output>
        </test-method> <!-- compareApiUiTemperature -->
        <test-method is-config="true" signature="afterClass()[pri:0, instance:com.weatherapiui.compareApiUiData@670002]" started-at="2020-12-11T06:44:07 IST" name="afterClass" finished-at="2020-12-11T06:44:07 IST" duration-ms="1" status="PASS">
          <reporter-output>
          </reporter-output>
        </test-method> <!-- afterClass -->
      </class> <!-- com.weatherapiui.compareApiUiData -->
    </test> <!-- Default test -->
  </suite> <!-- Default suite -->
</testng-results>
