<?xml version="1.0" encoding="UTF-8"?>
<!-- Generated by org.testng.reporters.JUnitXMLReporter -->
<testsuite ignored="0" hostname="LAPTOP-U0A39RTI" failures="0" tests="5" name="Default test" time="20.146" errors="0" timestamp="2020-12-11T19:31:19 IST">
  <testcase classname="com.weatherapiui.compareApiUiData" name="getApiTemperature" time="4.092"/>
  <testcase classname="com.weatherapiui.compareApiUiData" name="test1SearchCities" time="2.524"/>
  <testcase classname="com.weatherapiui.compareApiUiData" name="test2PinCity" time="0.398"/>
  <testcase classname="com.weatherapiui.compareApiUiData" name="getUiTemperature" time="0.057"/>
  <testcase classname="com.weatherapiui.compareApiUiData" name="compareApiUiTemperature" time="0.002"/>
</testsuite> <!-- Default test -->
